<?xml version="1.0" encoding="UTF-8"?>
<testsuite name="ru.stqa.pft.addressbook.tests.ContactCreationTests" tests="3" skipped="0" failures="0" errors="0" timestamp="2019-04-13T14:43:05" hostname="1-DNS" time="74.307">
  <properties/>
  <testcase name="testContactCreation[0](ContactData{id='2147483647', firstname='firstname 0', lastname='lastname 0'})" classname="ru.stqa.pft.addressbook.tests.ContactCreationTests" time="26.51"/>
  <testcase name="testContactCreation[1](ContactData{id='2147483647', firstname='firstname 1', lastname='lastname 1'})" classname="ru.stqa.pft.addressbook.tests.ContactCreationTests" time="23.987"/>
  <testcase name="testContactCreation[2](ContactData{id='2147483647', firstname='firstname 2', lastname='lastname 2'})" classname="ru.stqa.pft.addressbook.tests.ContactCreationTests" time="23.807"/>
  <system-out><![CDATA[Р·Р°С€Р»Рё РІ fill group test 0
Р·Р°С€Р»Рё РІ fill group test 1
Р·Р°С€Р»Рё РІ fill group test 2
]]></system-out>
  <system-err><![CDATA[]]></system-err>
</testsuite>
